2010-05-21T08:00:38 Checking update-file '/usr/share/kde4/apps/kconf_update/audiocd.upd' for new updates
2010-05-21T08:00:38 audiocd.upd: Found new update '1'
2010-05-21T08:00:38 audiocd.upd: File 'kcmaudiocdrc' does not exist or empty, skipping
2010-05-21T08:00:38 Checking update-file '/usr/share/kde4/apps/kconf_update/devicepreference.upd' for new updates
2010-05-21T08:00:38 devicepreference.upd: Found new update 'DevicesMovedToPlatformPlugin'
2010-05-21T08:00:38 devicepreference.upd: Running script 'phonon_devicepreference_update'
2010-05-21T08:00:38 devicepreference.upd: Found new update 'DevicesUIDsChanged'
2010-05-21T08:00:38 devicepreference.upd: Running script 'phonon_deviceuids_update'
2010-05-21T08:00:38 Checking update-file '/usr/share/kde4/apps/kconf_update/favicons.upd' for new updates
2010-05-21T08:00:38 favicons.upd: Found new update 'kde3_2'
2010-05-21T08:00:38 favicons.upd: Running script 'move_favicons.sh'
2010-05-21T08:00:38 Checking update-file '/usr/share/kde4/apps/kconf_update/kaccel.upd' for new updates
2010-05-21T08:00:38 kaccel.upd: Found new update 'kde3.3/r1'
2010-05-21T08:00:38 kaccel.upd: Running script 'convertShortcuts.pl'
2010-05-21T08:00:38 Checking update-file '/usr/share/kde4/apps/kconf_update/kate-2.4.upd' for new updates
2010-05-21T08:00:38 kate-2.4.upd: Found new update 'kate2.4'
2010-05-21T08:00:39 Checking update-file '/usr/share/kde4/apps/kconf_update/kcalcrc.upd' for new updates
2010-05-21T08:00:39 kcalcrc.upd: Found new update 'KDE_3_2_0'
2010-05-21T08:00:39 kcalcrc.upd: File 'kcalcrc' does not exist or empty, skipping
2010-05-21T08:00:39 kcalcrc.upd: Found new update 'KDE_4_3_0'
2010-05-21T08:00:39 kcalcrc.upd: File 'kcalcrc' does not exist or empty, skipping
2010-05-21T08:00:39 Checking update-file '/usr/share/kde4/apps/kconf_update/kcmcddb-emailsettings.upd' for new updates
2010-05-21T08:00:39 kcmcddb-emailsettings.upd: Found new update 'kcmcddb_emailsettings'
2010-05-21T08:00:39 kcmcddb-emailsettings.upd: File 'kcmcddbrc' does not exist or empty, skipping
2010-05-21T08:00:39 Checking update-file '/usr/share/kde4/apps/kconf_update/kcmdisplayrc.upd' for new updates
2010-05-21T08:00:39 kcmdisplayrc.upd: Found new update 'kde3'
2010-05-21T08:00:39 kcmdisplayrc.upd: File 'kcmdisplayrc' does not exist or empty, skipping
2010-05-21T08:00:39 Checking update-file '/usr/share/kde4/apps/kconf_update/kcookiescfg.upd' for new updates
2010-05-21T08:00:39 kcookiescfg.upd: Found new update 'kde2.2/b1'
2010-05-21T08:00:39 kcookiescfg.upd: Found new update 'kde3.1/cvs'
2010-05-21T08:00:39 Checking update-file '/usr/share/kde4/apps/kconf_update/kded.upd' for new updates
2010-05-21T08:00:39 kded.upd: Found new update 'kde3.0'
2010-05-21T08:00:39 kded.upd: File 'kdedrc' does not exist or empty, skipping
2010-05-21T08:00:39 Checking update-file '/usr/share/kde4/apps/kconf_update/kfmclient_3_2.upd' for new updates
2010-05-21T08:00:39 kfmclient_3_2.upd: Found new update 'kfmclient_3_2'
2010-05-21T08:00:39 kfmclient_3_2.upd: File 'kfmclientrc' does not exist or empty, skipping
2010-05-21T08:00:39 Checking update-file '/usr/share/kde4/apps/kconf_update/kio_help.upd' for new updates
2010-05-21T08:00:39 kio_help.upd: Found new update 'kde3_2'
2010-05-21T08:00:39 kio_help.upd: Running script 'move_kio_help_cache.sh'
2010-05-21T08:00:39 [Script] mv: cannot stat `/home/netrunner/.kde/share/apps/kio_help/cache': No such file or directory
2010-05-21T08:00:39 [Script] rmdir: failed to remove `/home/netrunner/.kde/share/apps/kio_help': No such file or directory
2010-05-21T08:00:39 Checking update-file '/usr/share/kde4/apps/kconf_update/kioslave.upd' for new updates
2010-05-21T08:00:39 kioslave.upd: Found new update 'kde2.2/r1'
2010-05-21T08:00:39 kioslave.upd: File 'kioslaverc' does not exist or empty, skipping
2010-05-21T08:00:39 kioslave.upd: Skipping update 'kde2.2/r1'
2010-05-21T08:00:39 kioslave.upd: File 'kioslaverc' does not exist or empty, skipping
2010-05-21T08:00:39 kioslave.upd: Found new update 'kde2.2/r2'
2010-05-21T08:00:39 kioslave.upd: File 'kioslaverc' does not exist or empty, skipping
2010-05-21T08:00:39 kioslave.upd: Found new update 'kde2.2/r3'
2010-05-21T08:00:39 kioslave.upd: File 'kioslaverc' does not exist or empty, skipping
2010-05-21T08:00:39 Checking update-file '/usr/share/kde4/apps/kconf_update/klipper-kconfigxt.upd' for new updates
2010-05-21T08:00:39 klipper-kconfigxt.upd: Found new update 'KlipperNoSpacesInKeyNames'
2010-05-21T08:00:39 Checking update-file '/usr/share/kde4/apps/kconf_update/kmail.upd' for new updates
2010-05-21T08:00:39 kmail.upd: Found new update '1'
2010-05-21T08:00:39 kmail.upd: Running script 'upgrade-transport.pl'
2010-05-21T08:00:39 kmail.upd: Script removes kmailrc:sending mail:Mailer
2010-05-21T08:00:39 kmail.upd: Script removes kmailrc:sending mail:Method
2010-05-21T08:00:39 kmail.upd: Script removes kmailrc:sending mail:Precommand
2010-05-21T08:00:39 kmail.upd: Script removes kmailrc:sending mail:Smtp Host
2010-05-21T08:00:39 kmail.upd: Script removes kmailrc:sending mail:Smtp Password
2010-05-21T08:00:39 kmail.upd: Script removes kmailrc:sending mail:Smtp Port
2010-05-21T08:00:39 kmail.upd: Script removes kmailrc:sending mail:Smtp Username
2010-05-21T08:00:39 kmail.upd: Found new update '4'
2010-05-21T08:00:39 kmail.upd: Found new update '5'
2010-05-21T08:00:39 kmail.upd: File 'kpgprc' does not exist or empty, skipping
2010-05-21T08:00:39 kmail.upd: Found new update '6'
2010-05-21T08:00:39 kmail.upd: Found new update '7'
2010-05-21T08:00:39 kmail.upd: Found new update '8'
2010-05-21T08:00:39 kmail.upd: Running script 'kmail-pgpidentity.pl'
2010-05-21T08:00:39 kmail.upd: Found new update '9'
2010-05-21T08:00:39 kmail.upd: Running script 'upgrade-signature.pl'
2010-05-21T08:00:39 kmail.upd: Found new update '3.1-update-identities'
2010-05-21T08:00:39 kmail.upd: Running script 'kmail-upd-identities.pl'
2010-05-21T08:00:39 kmail.upd: Found new update '3.1-use-identity-uoids'
2010-05-21T08:00:39 kmail.upd: Running script 'kmail-3.1-use-UOID-for-identities.pl'
2010-05-21T08:00:39 [Script] Use of uninitialized value in hash element at /usr/share/kde4/apps/kconf_update/kmail-3.1-use-UOID-for-identities.pl line 45, <> line 8.
2010-05-21T08:00:39 [Script] Use of uninitialized value within %nameToUOID in concatenation (.) or string at /usr/share/kde4/apps/kconf_update/kmail-3.1-use-UOID-for-identities.pl line 45, <> line 8.
2010-05-21T08:00:39 [Script] Use of uninitialized value in hash element at /usr/share/kde4/apps/kconf_update/kmail-3.1-use-UOID-for-identities.pl line 49, <> line 8.
2010-05-21T08:00:39 [Script] Use of uninitialized value within %nameToUOID in concatenation (.) or string at /usr/share/kde4/apps/kconf_update/kmail-3.1-use-UOID-for-identities.pl line 49, <> line 8.
2010-05-21T08:00:39 kmail.upd: Script removes kmailrc:General:Default Identity
2010-05-21T08:00:39 kmail.upd: Script removes kmailrc:Composer:previous-identity
2010-05-21T08:00:39 kmail.upd: Updating kmailrc:Composer:previous-identity to ''
2010-05-21T08:00:39 kmail.upd: Updating kmailrc:General:Default Identity to ''
2010-05-21T08:00:39 kmail.upd: Found new update '3.1-new-mail-notification'
2010-05-21T08:00:39 kmail.upd: Running script 'kmail-3.1-update-new-mail-notification-settings.pl'
2010-05-21T08:00:39 kmail.upd: Script removes kmailrc:General:msgbox-on-mail
2010-05-21T08:00:39 kmail.upd: Script removes kmailrc:General:exec-on-mail
2010-05-21T08:00:39 kmail.upd: Script removes kmailrc:General:exec-on-mail-cmd
2010-05-21T08:00:39 kmail.upd: Found new update '3.2-update-loop-on-goto-unread-settings'
2010-05-21T08:00:39 kmail.upd: Running script 'kmail-3.2-update-loop-on-goto-unread-settings.sh'
2010-05-21T08:00:39 kmail.upd: Found new update '3.1.4-dont-use-UOID-0-for-any-identity'
2010-05-21T08:00:39 kmail.upd: Running script 'kmail-3.1.4-dont-use-UOID-0-for-any-identity.pl'
2010-05-21T08:00:39 kmail.upd: Found new update '3.2-misc'
2010-05-21T08:00:39 kmail.upd: Running script 'kmail-3.2-misc.sh'
2010-05-21T08:00:39 kmail.upd: Found new update '3.2-moves'
2010-05-21T08:00:39 kmail.upd: Found new update '3.3-use-ID-for-accounts'
2010-05-21T08:00:39 kmail.upd: Running script 'kmail-3.3-use-ID-for-accounts.pl'
2010-05-21T08:00:39 kmail.upd: Found new update '3.3-update-filter-rules'
2010-05-21T08:00:39 kmail.upd: !! Script 'kmail-3.3-update-filter-rules.pl' not found in line 99 : 'Script=kmail-3.3-update-filter-rules.pl,perl'
2010-05-21T08:00:39 kmail.upd: Found new update '3.3-move-identities-to-own-file'
2010-05-21T08:00:39 kmail.upd: Running script 'kmail-3.3-move-identities.pl'
2010-05-21T08:00:39 kmail.upd: Script removes kmailrc:General:Default Identity
2010-05-21T08:00:39 kmail.upd: Updating emailidentities:General:Default Identity to ''
2010-05-21T08:00:39 kmail.upd: Found new update '3.3-aegypten-kpgprc-to-kmailrc'
2010-05-21T08:00:39 kmail.upd: File 'kpgprc' does not exist or empty, skipping
2010-05-21T08:00:39 kmail.upd: Found new update '3.3-aegypten-kpgprc-to-libkleopatrarc'
2010-05-21T08:00:39 kmail.upd: File 'kpgprc' does not exist or empty, skipping
2010-05-21T08:00:39 kmail.upd: Found new update '3.3-aegypten-emailidentities-split-sign-encr-keys'
2010-05-21T08:00:39 kmail.upd: Running script 'kmail-3.3-split-sign-encr-keys.sh'
2010-05-21T08:00:39 kmail.upd: Found new update '3.3-misc'
2010-05-21T08:00:39 kmail.upd: Running script 'kmail-3.3-misc.pl'
2010-05-21T08:00:39 kmail.upd: Found new update '3.3b1-misc'
2010-05-21T08:00:39 kmail.upd: Running script 'kmail-3.3b1-misc.pl'
2010-05-21T08:00:39 kmail.upd: Found new update '3.4'
2010-05-21T08:00:39 kmail.upd: Running script 'kmail-3.4-misc.pl'
2010-05-21T08:00:39 kmail.upd: Found new update '3.4a'
2010-05-21T08:00:39 kmail.upd: Found new update '3.4b'
2010-05-21T08:00:39 kmail.upd: Found new update '3.4.1'
2010-05-21T08:00:39 kmail.upd: Running script 'kmail-3.4.1-update-status-filters.pl'
2010-05-21T08:00:39 kmail.upd: Found new update '3.5.4'
2010-05-21T08:00:39 kmail.upd: Found new update '3.5.7-imap-flag-migration'
2010-05-21T08:00:39 kmail.upd: Running script 'kmail-3.5-trigger-flag-migration.pl'
2010-05-21T08:00:39 kmail.upd: Found new update '4.0-misc'
2010-05-21T08:00:39 kmail.upd: Running script 'kmail-4.0-misc.pl'
2010-05-21T08:00:39 kmail.upd: Found new update '4.2'
2010-05-21T08:00:39 Checking update-file '/usr/share/kde4/apps/kconf_update/kolab-resource.upd' for new updates
2010-05-21T08:00:39 kolab-resource.upd: Found new update 'kolab-calendar-resource-rename'
2010-05-21T08:00:39 kolab-resource.upd: File 'kresources/calendar/stdrc' does not exist or empty, skipping
2010-05-21T08:00:39 kolab-resource.upd: Found new update 'kolab-contact-resource-rename'
2010-05-21T08:00:39 kolab-resource.upd: File 'kresources/contact/stdrc' does not exist or empty, skipping
2010-05-21T08:00:39 kolab-resource.upd: Found new update 'kolab-notes-resource-rename'
2010-05-21T08:00:39 kolab-resource.upd: File 'kresources/notes/stdrc' does not exist or empty, skipping
2010-05-21T08:00:39 Checking update-file '/usr/share/kde4/apps/kconf_update/korganizer.upd' for new updates
2010-05-21T08:00:39 korganizer.upd: Found new update 'korganizer_3.4_GroupwareCleanup'
2010-05-21T08:00:39 korganizer.upd: File 'korganizerrc' does not exist or empty, skipping
2010-05-21T08:00:39 korganizer.upd: Found new update 'korganizer_3.4_WebExport'
2010-05-21T08:00:39 korganizer.upd: File 'korganizerrc' does not exist or empty, skipping
2010-05-21T08:00:39 korganizer.upd: Found new update 'korganizer_3.4_FilterAction'
2010-05-21T08:00:39 korganizer.upd: File 'korganizerrc' does not exist or empty, skipping
2010-05-21T08:00:39 korganizer.upd: Found new update 'korganizer_3.4_HolidayPlugin'
2010-05-21T08:00:39 korganizer.upd: File 'korganizerrc' does not exist or empty, skipping
2010-05-21T08:00:39 korganizer.upd: Found new update 'korganizer_4.3_ShowTodos'
2010-05-21T08:00:39 korganizer.upd: File 'korganizerrc' does not exist or empty, skipping
2010-05-21T08:00:39 korganizer.upd: Found new update 'korganizer_4.4_MoveFreeBusy'
2010-05-21T08:00:39 korganizer.upd: File 'korganizerrc' does not exist or empty, skipping
2010-05-21T08:00:39 Checking update-file '/usr/share/kde4/apps/kconf_update/kpgp.upd' for new updates
2010-05-21T08:00:39 kpgp.upd: Found new update 'preKDE3_a'
2010-05-21T08:00:39 kpgp.upd: File 'kpgprc' does not exist or empty, skipping
2010-05-21T08:00:39 kpgp.upd: Found new update '3.1-1'
2010-05-21T08:00:39 kpgp.upd: File 'kpgprc' does not exist or empty, skipping
2010-05-21T08:00:39 Checking update-file '/usr/share/kde4/apps/kconf_update/krdb.upd' for new updates
2010-05-21T08:00:39 krdb.upd: Found new update 'LibraryPathNeedsANewStart'
2010-05-21T08:00:39 krdb.upd: Running script 'krdb_clearlibrarypath'
2010-05-21T08:00:39 Checking update-file '/usr/share/kde4/apps/kconf_update/ksmserver.upd' for new updates
2010-05-21T08:00:39 ksmserver.upd: Found new update 'kde3'
2010-05-21T08:00:39 ksmserver.upd: File 'ksmserverrc' does not exist or empty, skipping
2010-05-21T08:00:39 Checking update-file '/usr/share/kde4/apps/kconf_update/ksslcertificatemanager.upd' for new updates
2010-05-21T08:00:39 ksslcertificatemanager.upd: Found new update 'kde4.2'
2010-05-21T08:00:39 ksslcertificatemanager.upd: Running script 'ksslcertificatemanager.upd.sh'
2010-05-21T08:00:39 [Script] rm: cannot remove `/home/netrunner/.kde//share/config/ksslcertificatemanager': No such file or directory
2010-05-21T08:00:39 ksslcertificatemanager.upd: !! An error occurred while running 'sh /usr/share/kde4/apps/kconf_update/ksslcertificatemanager.upd.sh'
2010-05-21T08:00:39 Checking update-file '/usr/share/kde4/apps/kconf_update/kuriikwsfilter.upd' for new updates
2010-05-21T08:00:39 kuriikwsfilter.upd: Found new update 'post-kde3.1/cvs'
2010-05-21T08:00:39 Checking update-file '/usr/share/kde4/apps/kconf_update/kwin.upd' for new updates
2010-05-21T08:00:39 kwin.upd: Found new update 'kde3.0r1'
2010-05-21T08:00:39 kwin.upd: Running script 'pluginlibFix.pl'
2010-05-21T08:00:39 kwin.upd: Updating kwinrc:Compositing:UnredirectFullscreen to 'false'
2010-05-21T08:00:39 kwin.upd: Updating kwinrc:Plugins:kwin4_effect_boxswitchEnabled to 'true'
2010-05-21T08:00:39 kwin.upd: Updating kwinrc:Plugins:kwin4_effect_coverswitchEnabled to 'true'
2010-05-21T08:00:39 kwin.upd: Updating kwinrc:Plugins:kwin4_effect_cubeEnabled to 'true'
2010-05-21T08:00:39 kwin.upd: Updating kwinrc:Desktops:Number to '2'
2010-05-21T08:00:39 kwin.upd: Updating kwinrc:Effect-Cube:CapColor to '0,0,0'
2010-05-21T08:00:39 kwin.upd: Updating kwinrc:Windows:TitlebarDoubleClickCommand to 'Maximize'
2010-05-21T08:00:39 kwin.upd: Updating kwinrc:Effect-CoverSwitch:TabBox to 'true'
2010-05-21T08:00:39 kwin.upd: Updating kwinrc:Effect-CoverSwitch:TabBoxAlternative to 'false'
2010-05-21T08:00:39 kwin.upd: Updating kwinrc:Style:PluginLib to 'kwin3_oxygen'
2010-05-21T08:00:40 kwin.upd: Found new update 'kde3.2Xinerama'
2010-05-21T08:00:40 Checking update-file '/usr/share/kde4/apps/kconf_update/kwin3_plugin.upd' for new updates
2010-05-21T08:00:40 kwin3_plugin.upd: Found new update 'kde3.2'
2010-05-21T08:00:40 kwin3_plugin.upd: Running script 'kwin3_plugin.pl'
2010-05-21T08:00:40 kwin3_plugin.upd: Updating kwinrc:Compositing:UnredirectFullscreen to 'false'
2010-05-21T08:00:40 kwin3_plugin.upd: Updating kwinrc:Plugins:kwin4_effect_boxswitchEnabled to 'true'
2010-05-21T08:00:40 kwin3_plugin.upd: Updating kwinrc:Plugins:kwin4_effect_coverswitchEnabled to 'true'
2010-05-21T08:00:40 kwin3_plugin.upd: Updating kwinrc:Plugins:kwin4_effect_cubeEnabled to 'true'
2010-05-21T08:00:40 kwin3_plugin.upd: Updating kwinrc:Desktops:Number to '2'
2010-05-21T08:00:40 kwin3_plugin.upd: Updating kwinrc:Effect-Cube:CapColor to '0,0,0'
2010-05-21T08:00:40 kwin3_plugin.upd: Updating kwinrc:Windows:TitlebarDoubleClickCommand to 'Maximize'
2010-05-21T08:00:40 kwin3_plugin.upd: Updating kwinrc:Effect-CoverSwitch:TabBox to 'true'
2010-05-21T08:00:40 kwin3_plugin.upd: Updating kwinrc:Effect-CoverSwitch:TabBoxAlternative to 'false'
2010-05-21T08:00:40 kwin3_plugin.upd: Updating kwinrc:Style:PluginLib to 'kwin3_oxygen'
2010-05-21T08:00:40 Checking update-file '/usr/share/kde4/apps/kconf_update/kwin_focus1.upd' for new updates
2010-05-21T08:00:40 kwin_focus1.upd: Found new update 'kwin_focus1'
2010-05-21T08:00:40 kwin_focus1.upd: Running script 'kwin_focus1.sh'
2010-05-21T08:00:40 Checking update-file '/usr/share/kde4/apps/kconf_update/kwin_focus2.upd' for new updates
2010-05-21T08:00:40 kwin_focus2.upd: Found new update 'kwin_focus2'
2010-05-21T08:00:40 kwin_focus2.upd: Running script 'kwin_focus2.sh'
2010-05-21T08:00:40 Checking update-file '/usr/share/kde4/apps/kconf_update/kwin_fsp_workarounds_1.upd' for new updates
2010-05-21T08:00:40 kwin_fsp_workarounds_1.upd: Found new update 'kde351'
2010-05-21T08:00:40 kwin_fsp_workarounds_1.upd: Running script 'kwin_update_default_rules' with arguments 'fsp_workarounds_1.kwinrules'
2010-05-21T08:00:40 Checking update-file '/usr/share/kde4/apps/kconf_update/kwin_on_off.upd' for new updates
2010-05-21T08:00:40 kwin_on_off.upd: Found new update 'kwin_on_off'
2010-05-21T08:00:40 kwin_on_off.upd: Running script 'on-off_to_true-false.sh'
2010-05-21T08:00:40 Checking update-file '/usr/share/kde4/apps/kconf_update/kwin_update_tabbox_settings.upd' for new updates
2010-05-21T08:00:40 kwin_update_tabbox_settings.upd: Found new update 'Kwin-4.4'
2010-05-21T08:00:40 kwin_update_tabbox_settings.upd: Running script 'kwin_update_tabbox_settings'
2010-05-21T08:00:40 Checking update-file '/usr/share/kde4/apps/kconf_update/kwin_window_shortcuts.upd' for new updates
2010-05-21T08:00:40 kwin_window_shortcuts.upd: Found new update 'kde414'
2010-05-21T08:00:40 kwin_window_shortcuts.upd: File 'kglobalshortcutsrc' does not exist or empty, skipping
2010-05-21T08:00:40 Checking update-file '/usr/share/kde4/apps/kconf_update/kwiniconify.upd' for new updates
2010-05-21T08:00:40 kwiniconify.upd: Found new update 'iconifyupd3.1'
2010-05-21T08:00:40 kwiniconify.upd: File 'kwin.eventsrc' does not exist or empty, skipping
2010-05-21T08:00:40 Checking update-file '/usr/share/kde4/apps/kconf_update/kwinsticky.upd' for new updates
2010-05-21T08:00:40 kwinsticky.upd: Found new update 'stickyupd3.1'
2010-05-21T08:00:40 kwinsticky.upd: File 'kwin.eventsrc' does not exist or empty, skipping
2010-05-21T08:00:40 Checking update-file '/usr/share/kde4/apps/kconf_update/kwinupdatewindowsettings.upd' for new updates
2010-05-21T08:00:40 kwinupdatewindowsettings.upd: Found new update 'kde33b1'
2010-05-21T08:00:40 kwinupdatewindowsettings.upd: Running script 'kwin_update_window_settings'
2010-05-21T08:00:40 Checking update-file '/usr/share/kde4/apps/kconf_update/mailtransports.upd' for new updates
2010-05-21T08:00:40 mailtransports.upd: Found new update 'initial-kmail-migration'
2010-05-21T08:00:40 mailtransports.upd: Running script 'migrate-transports.pl' with arguments 'kmail'
2010-05-21T08:00:40 mailtransports.upd: Found new update 'initial-knode-migration'
2010-05-21T08:00:40 mailtransports.upd: File 'knoderc' does not exist or empty, skipping
2010-05-21T08:00:40 Checking update-file '/usr/share/kde4/apps/kconf_update/mouse_cursor_theme.upd' for new updates
2010-05-21T08:00:40 mouse_cursor_theme.upd: Found new update 'kde3.4.99'
2010-05-21T08:00:40 Checking update-file '/usr/share/kde4/apps/kconf_update/plasma-add-shortcut-to-menu.upd' for new updates
2010-05-21T08:00:40 plasma-add-shortcut-to-menu.upd: Found new update '4.1LauncherShortcut'
2010-05-21T08:00:40 plasma-add-shortcut-to-menu.upd: !! Script 'plasma-add-shortcut-to-menu-update' not found in line 2 : 'Script=plasma-add-shortcut-to-menu-update'
2010-05-21T08:00:40 Checking update-file '/usr/share/kde4/apps/kconf_update/plasma-to-plasmadesktop-shortcuts.upd' for new updates
2010-05-21T08:00:40 plasma-to-plasmadesktop-shortcuts.upd: Found new update '4.3plasma-desktop-shortcuts'
2010-05-21T08:00:40 plasma-to-plasmadesktop-shortcuts.upd: File 'kglobalshortcutsrc' does not exist or empty, skipping
2010-05-21T08:00:40 Checking update-file '/usr/share/kde4/apps/kconf_update/plasma_popupapplet_fix_groups.upd' for new updates
2010-05-21T08:00:40 plasma_popupapplet_fix_groups.upd: Found new update 'PlasmaPopupAppletFixGroups1'
2010-05-21T08:00:40 plasma_popupapplet_fix_groups.upd: File 'plasma-appletsrc' does not exist or empty, skipping
2010-05-21T08:00:40 plasma_popupapplet_fix_groups.upd: Found new update 'PlasmaPopupAppletFixGroups2'
2010-05-21T08:00:40 plasma_popupapplet_fix_groups.upd: File 'plasmarc' does not exist or empty, skipping
2010-05-21T08:00:40 plasma_popupapplet_fix_groups.upd: Found new update 'PlasmaPopupAppletFixGroups3'
2010-05-21T08:00:40 plasma_popupapplet_fix_groups.upd: File 'plasmoidviewer-appletsrc' does not exist or empty, skipping
2010-05-21T08:00:40 Checking update-file '/usr/share/kde4/apps/kconf_update/plasmarc-to-plasmadesktoprc.upd' for new updates
2010-05-21T08:00:40 plasmarc-to-plasmadesktoprc.upd: Found new update '4.3plasma-desktop'
2010-05-21T08:00:40 plasmarc-to-plasmadesktoprc.upd: Running script 'plasma-to-plasma-desktop'
